<?xml version="1.0" encoding="UTF-8"?>
<testsuite name="com.siso.notepad.NotepadApplicationTests" tests="1" skipped="0" failures="0" errors="0" timestamp="2018-05-16T04:15:01" hostname="ITSISO-460" time="0.378">
  <properties/>
  <testcase name="contextLoads" classname="com.siso.notepad.NotepadApplicationTests" time="0.378"/>
  <system-out><![CDATA[23:14:50.104 [Test worker] DEBUG org.springframework.test.context.junit4.SpringJUnit4ClassRunner - SpringJUnit4ClassRunner constructor called with [class com.siso.notepad.NotepadApplicationTests]
23:14:50.121 [Test worker] DEBUG org.springframework.test.context.BootstrapUtils - Instantiating CacheAwareContextLoaderDelegate from class [org.springframework.test.context.cache.DefaultCacheAwareContextLoaderDelegate]
23:14:50.147 [Test worker] DEBUG org.springframework.test.context.BootstrapUtils - Instantiating BootstrapContext using constructor [public org.springframework.test.context.support.DefaultBootstrapContext(java.lang.Class,org.springframework.test.context.CacheAwareContextLoaderDelegate)]
23:14:50.174 [Test worker] DEBUG org.springframework.test.context.BootstrapUtils - Instantiating TestContextBootstrapper for test class [com.siso.notepad.NotepadApplicationTests] from class [org.springframework.boot.test.context.SpringBootTestContextBootstrapper]
23:14:50.210 [Test worker] INFO org.springframework.boot.test.context.SpringBootTestContextBootstrapper - Neither @ContextConfiguration nor @ContextHierarchy found for test class [com.siso.notepad.NotepadApplicationTests], using SpringBootContextLoader
23:14:50.215 [Test worker] DEBUG org.springframework.test.context.support.AbstractContextLoader - Did not detect default resource location for test class [com.siso.notepad.NotepadApplicationTests]: class path resource [com/siso/notepad/NotepadApplicationTests-context.xml] does not exist
23:14:50.216 [Test worker] DEBUG org.springframework.test.context.support.AbstractContextLoader - Did not detect default resource location for test class [com.siso.notepad.NotepadApplicationTests]: class path resource [com/siso/notepad/NotepadApplicationTestsContext.groovy] does not exist
23:14:50.216 [Test worker] INFO org.springframework.test.context.support.AbstractContextLoader - Could not detect default resource locations for test class [com.siso.notepad.NotepadApplicationTests]: no resource found for suffixes {-context.xml, Context.groovy}.
23:14:50.217 [Test worker] INFO org.springframework.test.context.support.AnnotationConfigContextLoaderUtils - Could not detect default configuration classes for test class [com.siso.notepad.NotepadApplicationTests]: NotepadApplicationTests does not declare any static, non-private, non-final, nested classes annotated with @Configuration.
23:14:50.318 [Test worker] DEBUG org.springframework.test.context.support.ActiveProfilesUtils - Could not find an 'annotation declaring class' for annotation type [org.springframework.test.context.ActiveProfiles] and class [com.siso.notepad.NotepadApplicationTests]
23:14:50.332 [Test worker] DEBUG org.springframework.core.env.StandardEnvironment - Adding PropertySource 'systemProperties' with lowest search precedence
23:14:50.332 [Test worker] DEBUG org.springframework.core.env.StandardEnvironment - Adding PropertySource 'systemEnvironment' with lowest search precedence
23:14:50.333 [Test worker] DEBUG org.springframework.core.env.StandardEnvironment - Initialized StandardEnvironment with PropertySources [MapPropertySource@891485113 {name='systemProperties', properties={java.runtime.name=Java(TM) SE Runtime Environment, sun.boot.library.path=C:\Program Files (x86)\Java\jdk1.8.0_161\jre\bin, java.vm.version=25.161-b12, java.vm.vendor=Oracle Corporation, java.vendor.url=http://java.oracle.com/, path.separator=;, java.vm.name=Java HotSpot(TM) 64-Bit Server VM, file.encoding.pkg=sun.io, user.script=, sun.java.launcher=SUN_STANDARD, user.country=US, sun.os.patch.level=Service Pack 1, java.vm.specification.name=Java Virtual Machine Specification, user.dir=C:\Users\sisoj\Desktop\newTestLearn\applications\app_api, java.runtime.version=1.8.0_161-b12, java.awt.graphicsenv=sun.awt.Win32GraphicsEnvironment, java.endorsed.dirs=C:\Program Files (x86)\Java\jdk1.8.0_161\jre\lib\endorsed, os.arch=amd64, java.io.tmpdir=C:\Users\a-sisoj\AppData\Local\Temp\, line.separator=
, java.vm.specification.vendor=Oracle Corporation, user.variant=, os.name=Windows 7, sun.jnu.encoding=Cp1252, java.library.path=C:\Program Files (x86)\Java\jdk1.8.0_161\bin;C:\Windows\Sun\Java\bin;C:\Windows\system32;C:\Windows;C:\SOURCE\APPS\Ruby24-x64\bin;C:\ProgramData\Oracle\Java\javapath;C:\Program Files (x86)\Razer Chroma SDK\bin;C:\Program Files\Razer Chroma SDK\bin;C:\Ruby22-x64\bin;C:\Windows\system32;C:\Windows;C:\Windows\System32\Wbem;C:\Program Files\Intel\WiFi\bin\;C:\Program Files\Common Files\Intel\WirelessCommon\;C:\Program Files\Microsoft SQL Server\Client SDK\ODBC\110\Tools\Binn\;C:\Program Files (x86)\Microsoft SQL Server\120\Tools\Binn\ManagementStudio\;C:\Program Files (x86)\Microsoft SQL Server\120\Tools\Binn\;C:\Program Files\Microsoft SQL Server\120\Tools\Binn\;C:\Program Files (x86)\Microsoft SQL Server\120\DTS\Binn\;C:\Program Files (x86)\Microsoft SQL Server\100\Tools\Binn\VSShell\Common7\IDE\;C:\Program Files (x86)\Microsoft SQL Server\100\Tools\Binn\;C:\Program Files\Microsoft SQL Server\100\Tools\Binn\;C:\Program Files (x86)\Microsoft Visual Studio 9.0\Common7\IDE\PrivateAssemblies\;C:\Program Files (x86)\Microsoft SQL Server\100\DTS\Binn\;C:\Program Files\Microsoft SQL Server\100\DTS\Binn\;C:\Windows\System32\WindowsPowerShell\v1.0\;C:\Windows\System32\WindowsPowerShell\v1.0\;C:\Program Files\nodejs\;C:\Program Files (x86)\Yarn\bin;C:\Program Files\Microsoft SQL Server\120\DTS\Binn\;C:\Program Files\Git\mingw64\bin;C:\workspace\orscq\applications\scalpel_ui\node_modules\.bin;C:\Program Files (x86)\WebEx\Productivity Tools;C:\SOURCE\APPS\Docker Toolbox;., java.specification.name=Java Platform API Specification, java.class.version=52.0, org.gradle.native=false, sun.management.compiler=HotSpot 64-Bit Tiered Compilers, os.version=6.1, user.home=C:\Users\a-sisoj, user.timezone=America/Chicago, java.awt.printerjob=sun.awt.windows.WPrinterJob, file.encoding=windows-1252, java.specification.version=1.8, java.class.path=C:\Users\sisoj\Desktop\newTestLearn\applications\app_api\build\classes\java\test;C:\Users\sisoj\Desktop\newTestLearn\applications\app_api\build\resources\test;C:\Users\sisoj\Desktop\newTestLearn\applications\app_api\build\classes\java\main;C:\Users\sisoj\Desktop\newTestLearn\applications\app_api\build\resources\main;C:\Users\a-sisoj\.gradle\caches\modules-2\files-2.1\org.springframework.boot\spring-boot-starter-data-jpa\2.0.2.RELEASE\a277d15c247684aaef38852a2e71b8b1ef7357e6\spring-boot-starter-data-jpa-2.0.2.RELEASE.jar;C:\Users\a-sisoj\.gradle\caches\modules-2\files-2.1\org.springframework.boot\spring-boot-starter-jdbc\2.0.2.RELEASE\f93c2459a06061f889b837d1c2503055df024778\spring-boot-starter-jdbc-2.0.2.RELEASE.jar;C:\Users\a-sisoj\.gradle\caches\modules-2\files-2.1\org.springframework.boot\spring-boot-starter-thymeleaf\2.0.2.RELEASE\1384e93480a1555897cfbec4592a41173acae714\spring-boot-starter-thymeleaf-2.0.2.RELEASE.jar;C:\Users\a-sisoj\.gradle\caches\modules-2\files-2.1\org.xerial\sqlite-jdbc\3.7.2\7a3d67f00508d3881650579f7f228c61bfc1b196\sqlite-jdbc-3.7.2.jar;C:\Users\a-sisoj\.gradle\caches\modules-2\files-2.1\org.springframework.boot\spring-boot-starter-web\2.0.2.RELEASE\b6ef0cf4d0a7c6c7e93ff524b84cd1d8f87f67d9\spring-boot-starter-web-2.0.2.RELEASE.jar;C:\Users\a-sisoj\.gradle\caches\modules-2\files-2.1\org.flywaydb\flyway-core\5.0.7\71b796e103987cf8f24068f1f5490fac8f8e1126\flyway-core-5.0.7.jar;C:\Users\a-sisoj\.gradle\caches\modules-2\files-2.1\org.webjars\bootstrap\4.1.0\9fca1e85718609e135dda6f8c78f459f945438dc\bootstrap-4.1.0.jar;C:\Users\a-sisoj\.gradle\caches\modules-2\files-2.1\org.springframework.boot\spring-boot-devtools\2.0.2.RELEASE\ed2b1c877b0c00ef7f961bd118e420a49de3c970\spring-boot-devtools-2.0.2.RELEASE.jar;C:\Users\a-sisoj\.gradle\caches\modules-2\files-2.1\com.h2database\h2\1.4.197\bb391050048ca8ae3e32451b5a3714ecd3596a46\h2-1.4.197.jar;C:\Users\a-sisoj\.gradle\caches\modules-2\files-2.1\org.postgresql\postgresql\42.2.2\7ebd60d15eec1f9e796d68212121d92e3dd566b2\postgresql-42.2.2.jar;C:\Users\a-sisoj\.gradle\caches\modules-2\files-2.1\org.springframework.boot\spring-boot-starter-test\2.0.2.RELEASE\d9e090412f318586e0f277e24740b79b58ef190b\spring-boot-starter-test-2.0.2.RELEASE.jar;C:\Users\a-sisoj\.gradle\caches\modules-2\files-2.1\org.springframework.boot\spring-boot-starter-aop\2.0.2.RELEASE\b0b0c7dcfdffaef1b04886c0279772905bc7e9d2\spring-boot-starter-aop-2.0.2.RELEASE.jar;C:\Users\a-sisoj\.gradle\caches\modules-2\files-2.1\org.springframework.boot\spring-boot-starter-json\2.0.2.RELEASE\5edda979838ced5314b8f58a958fe9d6b4b3badd\spring-boot-starter-json-2.0.2.RELEASE.jar;C:\Users\a-sisoj\.gradle\caches\modules-2\files-2.1\org.springframework.boot\spring-boot-starter\2.0.2.RELEASE\1cda94f0dfcf2b065191782a54b84d2abf96391\spring-boot-starter-2.0.2.RELEASE.jar;C:\Users\a-sisoj\.gradle\caches\modules-2\files-2.1\org.hibernate\hibernate-core\5.2.17.Final\f2dc36470e7a2ffcf6106bb1625ecf5b54bb5f65\hibernate-core-5.2.17.Final.jar;C:\Users\a-sisoj\.gradle\caches\modules-2\files-2.1\javax.transaction\javax.transaction-api\1.2\d81aff979d603edd90dcd8db2abc1f4ce6479e3e\javax.transaction-api-1.2.jar;C:\Users\a-sisoj\.gradle\caches\modules-2\files-2.1\org.springframework.data\spring-data-jpa\2.0.7.RELEASE\9f201f3d3435a9e5422e0edcff3475c46215ffb\spring-data-jpa-2.0.7.RELEASE.jar;C:\Users\a-sisoj\.gradle\caches\modules-2\files-2.1\org.springframework\spring-aspects\5.0.6.RELEASE\45a7631a64eb82625067587b9796d4418d9e0568\spring-aspects-5.0.6.RELEASE.jar;C:\Users\a-sisoj\.gradle\caches\modules-2\files-2.1\com.zaxxer\HikariCP\2.7.9\a83113d2c091d0d0f853dad3217bd7df3beb6ae3\HikariCP-2.7.9.jar;C:\Users\a-sisoj\.gradle\caches\modules-2\files-2.1\org.springframework\spring-orm\5.0.6.RELEASE\7a08073597b79dfcd4db1cffa924f2b991a14a20\spring-orm-5.0.6.RELEASE.jar;C:\Users\a-sisoj\.gradle\caches\modules-2\files-2.1\org.springframework\spring-jdbc\5.0.6.RELEASE\7d4de1ee9b042774e09ceb88393e5a564e342729\spring-jdbc-5.0.6.RELEASE.jar;C:\Users\a-sisoj\.gradle\caches\modules-2\files-2.1\org.thymeleaf\thymeleaf-spring5\3.0.9.RELEASE\abf84efd83808a70d982d2790f7f3a7bd3a39cf4\thymeleaf-spring5-3.0.9.RELEASE.jar;C:\Users\a-sisoj\.gradle\caches\modules-2\files-2.1\org.thymeleaf.extras\thymeleaf-extras-java8time\3.0.1.RELEASE\d23760d1e53cd70c489ef40dc94ee6bd2371cceb\thymeleaf-extras-java8time-3.0.1.RELEASE.jar;C:\Users\a-sisoj\.gradle\caches\modules-2\files-2.1\org.springframework.boot\spring-boot-starter-tomcat\2.0.2.RELEASE\cedbfb18762e1c220007c768bfc5b773f5b30f8a\spring-boot-starter-tomcat-2.0.2.RELEASE.jar;C:\Users\a-sisoj\.gradle\caches\modules-2\files-2.1\org.hibernate.validator\hibernate-validator\6.0.9.Final\b149e4cce82379f11f6129eb3187ca8ae5404005\hibernate-validator-6.0.9.Final.jar;C:\Users\a-sisoj\.gradle\caches\modules-2\files-2.1\org.springframework\spring-webmvc\5.0.6.RELEASE\1361c5d1cf46665ee01de5dc1ca447c3be174c19\spring-webmvc-5.0.6.RELEASE.jar;C:\Users\a-sisoj\.gradle\caches\modules-2\files-2.1\org.springframework\spring-web\5.0.6.RELEASE\89e89de3025165998118590613aedc6df8d64af6\spring-web-5.0.6.RELEASE.jar;C:\Users\a-sisoj\.gradle\caches\modules-2\files-2.1\org.webjars\jquery\3.0.0\cb5f5f489e595259cee33239f0cbe8ddb5a9c0d1\jquery-3.0.0.jar;C:\Users\a-sisoj\.gradle\caches\modules-2\files-2.1\org.webjars\popper.js\1.14.1\45b284e3e86f310b72e0d78ec298f5d1d2c68b62\popper.js-1.14.1.jar;C:\Users\a-sisoj\.gradle\caches\modules-2\files-2.1\org.springframework.boot\spring-boot-test-autoconfigure\2.0.2.RELEASE\4993bdd96a4c02bc5b5703862d99ef4c563f25d0\spring-boot-test-autoconfigure-2.0.2.RELEASE.jar;C:\Users\a-sisoj\.gradle\caches\modules-2\files-2.1\org.springframework.boot\spring-boot-autoconfigure\2.0.2.RELEASE\f4b25e753e4955337a138d8b1550236b5efe5b3b\spring-boot-autoconfigure-2.0.2.RELEASE.jar;C:\Users\a-sisoj\.gradle\caches\modules-2\files-2.1\org.springframework.boot\spring-boot-test\2.0.2.RELEASE\fc85812e6543312a3b0ea9fbbdfd4a51183380a3\spring-boot-test-2.0.2.RELEASE.jar;C:\Users\a-sisoj\.gradle\caches\modules-2\files-2.1\org.springframework.boot\spring-boot\2.0.2.RELEASE\15012cf02e9f77938244e554f0598535fdd1cb38\spring-boot-2.0.2.RELEASE.jar;C:\Users\a-sisoj\.gradle\caches\modules-2\files-2.1\com.jayway.jsonpath\json-path\2.4.0\765a4401ceb2dc8d40553c2075eb80a8fa35c2ae\json-path-2.4.0.jar;C:\Users\a-sisoj\.gradle\caches\modules-2\files-2.1\junit\junit\4.12\2973d150c0dc1fefe998f834810d68f278ea58ec\junit-4.12.jar;C:\Users\a-sisoj\.gradle\caches\modules-2\files-2.1\org.assertj\assertj-core\3.9.1\c5ce126b15f28d56cd8f960c1a6a058b9c9aea87\assertj-core-3.9.1.jar;C:\Users\a-sisoj\.gradle\caches\modules-2\files-2.1\org.mockito\mockito-core\2.15.0\b84bfbbc29cd22c9529409627af6ea2897f4fa85\mockito-core-2.15.0.jar;C:\Users\a-sisoj\.gradle\caches\modules-2\files-2.1\org.hamcrest\hamcrest-library\1.3\4785a3c21320980282f9f33d0d1264a69040538f\hamcrest-library-1.3.jar;C:\Users\a-sisoj\.gradle\caches\modules-2\files-2.1\org.hamcrest\hamcrest-core\1.3\42a25dc3219429f0e5d060061f71acb49bf010a0\hamcrest-core-1.3.jar;C:\Users\a-sisoj\.gradle\caches\modules-2\files-2.1\org.skyscreamer\jsonassert\1.5.0\6c9d5fe2f59da598d9aefc1cfc6528ff3cf32df3\jsonassert-1.5.0.jar;C:\Users\a-sisoj\.gradle\caches\modules-2\files-2.1\org.springframework\spring-test\5.0.6.RELEASE\dbc99b288774b2e07d94bc14fe38d556bc3ed34a\spring-test-5.0.6.RELEASE.jar;C:\Users\a-sisoj\.gradle\caches\modules-2\files-2.1\org.springframework.data\spring-data-commons\2.0.7.RELEASE\7faa0fb2ffa50a5c50ad9f10118095ae24d5c6e1\spring-data-commons-2.0.7.RELEASE.jar;C:\Users\a-sisoj\.gradle\caches\modules-2\files-2.1\org.springframework\spring-context\5.0.6.RELEASE\8b73b742ef0ddce04f0f1068f305de240b00ce0d\spring-context-5.0.6.RELEASE.jar;C:\Users\a-sisoj\.gradle\caches\modules-2\files-2.1\org.springframework\spring-tx\5.0.6.RELEASE\1b6ffc44f2d59507a0fce1084fcc21788b13904\spring-tx-5.0.6.RELEASE.jar;C:\Users\a-sisoj\.gradle\caches\modules-2\files-2.1\org.springframework\spring-aop\5.0.6.RELEASE\74078df698992054c1c1a8f705763a6c7b4b914c\spring-aop-5.0.6.RELEASE.jar;C:\Users\a-sisoj\.gradle\caches\modules-2\files-2.1\org.springframework\spring-beans\5.0.6.RELEASE\d609b83cd8a71650a70778cf8d02c9a05b9161fe\spring-beans-5.0.6.RELEASE.jar;C:\Users\a-sisoj\.gradle\caches\modules-2\files-2.1\org.springframework\spring-expression\5.0.6.RELEASE\dec57ae5e6f0dfd4c6cfc199aa13ed268c3e1a65\spring-expression-5.0.6.RELEASE.jar;C:\Users\a-sisoj\.gradle\caches\modules-2\files-2.1\org.springframework\spring-core\5.0.6.RELEASE\984a52455b1be596b7f1a29f62d21d2f483eb764\spring-core-5.0.6.RELEASE.jar;C:\Users\a-sisoj\.gradle\caches\modules-2\files-2.1\org.xmlunit\xmlunit-core\2.5.1\4ffdb346572a7356f7521cd3119ce5287d2e339d\xmlunit-core-2.5.1.jar;C:\Users\a-sisoj\.gradle\caches\modules-2\files-2.1\org.springframework.boot\spring-boot-starter-logging\2.0.2.RELEASE\b56d7d1931792d6e58dbd41f956912359ba85238\spring-boot-starter-logging-2.0.2.RELEASE.jar;C:\Users\a-sisoj\.gradle\caches\modules-2\files-2.1\javax.annotation\javax.annotation-api\1.3.2\934c04d3cfef185a8008e7bf34331b79730a9d43\javax.annotation-api-1.3.2.jar;C:\Users\a-sisoj\.gradle\caches\modules-2\files-2.1\org.yaml\snakeyaml\1.19\2d998d3d674b172a588e54ab619854d073f555b5\snakeyaml-1.19.jar;C:\Users\a-sisoj\.gradle\caches\modules-2\files-2.1\org.aspectj\aspectjweaver\1.8.13\ad94df2a28d658a40dc27bbaff6a1ce5fbf04e9b\aspectjweaver-1.8.13.jar;C:\Users\a-sisoj\.gradle\caches\modules-2\files-2.1\org.hibernate.common\hibernate-commons-annotations\5.0.1.Final\71e1cff3fcb20d3b3af4f3363c3ddb24d33c6879\hibernate-commons-annotations-5.0.1.Final.jar;C:\Users\a-sisoj\.gradle\caches\modules-2\files-2.1\org.jboss.logging\jboss-logging\3.3.2.Final\3789d00e859632e6c6206adc0c71625559e6e3b0\jboss-logging-3.3.2.Final.jar;C:\Users\a-sisoj\.gradle\caches\modules-2\files-2.1\org.hibernate.javax.persistence\hibernate-jpa-2.1-api\1.0.0.Final\5e731d961297e5a07290bfaf3db1fbc8bbbf405a\hibernate-jpa-2.1-api-1.0.0.Final.jar;C:\Users\a-sisoj\.gradle\caches\modules-2\files-2.1\org.javassist\javassist\3.22.0-GA\3e83394258ae2089be7219b971ec21a8288528ad\javassist-3.22.0-GA.jar;C:\Users\a-sisoj\.gradle\caches\modules-2\files-2.1\antlr\antlr\2.7.7\83cd2cd674a217ade95a4bb83a8a14f351f48bd0\antlr-2.7.7.jar;C:\Users\a-sisoj\.gradle\caches\modules-2\files-2.1\org.jboss\jandex\2.0.3.Final\bfc4d6257dbff7a33a357f0de116be6ff951d849\jandex-2.0.3.Final.jar;C:\Users\a-sisoj\.gradle\caches\modules-2\files-2.1\com.fasterxml\classmate\1.3.4\3d5f48f10bbe4eb7bd862f10c0583be2e0053c6\classmate-1.3.4.jar;C:\Users\a-sisoj\.gradle\caches\modules-2\files-2.1\dom4j\dom4j\1.6.1\5d3ccc056b6f056dbf0dddfdf43894b9065a8f94\dom4j-1.6.1.jar;C:\Users\a-sisoj\.gradle\caches\modules-2\files-2.1\org.thymeleaf\thymeleaf\3.0.9.RELEASE\64185cca50ac808ad034841c84b4013f955465d2\thymeleaf-3.0.9.RELEASE.jar;C:\Users\a-sisoj\.gradle\caches\modules-2\files-2.1\ch.qos.logback\logback-classic\1.2.3\7c4f3c474fb2c041d8028740440937705ebb473a\logback-classic-1.2.3.jar;C:\Users\a-sisoj\.gradle\caches\modules-2\files-2.1\org.apache.logging.log4j\log4j-to-slf4j\2.10.0\f7e631ccf49cfc0aefa4a2a728da7d374c05bd3c\log4j-to-slf4j-2.10.0.jar;C:\Users\a-sisoj\.gradle\caches\modules-2\files-2.1\org.slf4j\jul-to-slf4j\1.7.25\af5364cd6679bfffb114f0dec8a157aaa283b76\jul-to-slf4j-1.7.25.jar;C:\Users\a-sisoj\.gradle\caches\modules-2\files-2.1\org.slf4j\slf4j-api\1.7.25\da76ca59f6a57ee3102f8f9bd9cee742973efa8a\slf4j-api-1.7.25.jar;C:\Users\a-sisoj\.gradle\caches\modules-2\files-2.1\com.fasterxml.jackson.datatype\jackson-datatype-jdk8\2.9.5\23e37f085279ba316c0df923513b81609e1d1f6\jackson-datatype-jdk8-2.9.5.jar;C:\Users\a-sisoj\.gradle\caches\modules-2\files-2.1\com.fasterxml.jackson.datatype\jackson-datatype-jsr310\2.9.5\d1f0d11e816bc04e222a261106ca138801841c2d\jackson-datatype-jsr310-2.9.5.jar;C:\Users\a-sisoj\.gradle\caches\modules-2\files-2.1\com.fasterxml.jackson.module\jackson-module-parameter-names\2.9.5\f824c60751ffb7bfc3a0d30dfe0e42317d8e67f5\jackson-module-parameter-names-2.9.5.jar;C:\Users\a-sisoj\.gradle\caches\modules-2\files-2.1\com.fasterxml.jackson.core\jackson-databind\2.9.5\3490508379d065fe3fcb80042b62f630f7588606\jackson-databind-2.9.5.jar;C:\Users\a-sisoj\.gradle\caches\modules-2\files-2.1\org.apache.tomcat.embed\tomcat-embed-websocket\8.5.31\6564e716b89de5eaa0dd234ae7989576503ddf3\tomcat-embed-websocket-8.5.31.jar;C:\Users\a-sisoj\.gradle\caches\modules-2\files-2.1\org.apache.tomcat.embed\tomcat-embed-core\8.5.31\f5adf7ed8c34aa005b22b6a2dc7b6796e10e9c79\tomcat-embed-core-8.5.31.jar;C:\Users\a-sisoj\.gradle\caches\modules-2\files-2.1\org.apache.tomcat.embed\tomcat-embed-el\8.5.31\3a536e1ac71b82627c3a7408eb38fa0704cb9034\tomcat-embed-el-8.5.31.jar;C:\Users\a-sisoj\.gradle\caches\modules-2\files-2.1\javax.validation\validation-api\2.0.1.Final\cb855558e6271b1b32e716d24cb85c7f583ce09e\validation-api-2.0.1.Final.jar;C:\Users\a-sisoj\.gradle\caches\modules-2\files-2.1\net.minidev\json-smart\2.3\7396407491352ce4fa30de92efb158adb76b5b\json-smart-2.3.jar;C:\Users\a-sisoj\.gradle\caches\modules-2\files-2.1\net.bytebuddy\byte-buddy\1.7.11\f02857a4e2c66ccbe7aaad6100a0a6c461bce9b3\byte-buddy-1.7.11.jar;C:\Users\a-sisoj\.gradle\caches\modules-2\files-2.1\net.bytebuddy\byte-buddy-agent\1.7.11\b425a8933ca07edd03c6dbc8bc3b595fba9780de\byte-buddy-agent-1.7.11.jar;C:\Users\a-sisoj\.gradle\caches\modules-2\files-2.1\org.objenesis\objenesis\2.6\639033469776fd37c08358c6b92a4761feb2af4b\objenesis-2.6.jar;C:\Users\a-sisoj\.gradle\caches\modules-2\files-2.1\com.vaadin.external.google\android-json\0.0.20131108.vaadin1\fa26d351fe62a6a17f5cda1287c1c6110dec413f\android-json-0.0.20131108.vaadin1.jar;C:\Users\a-sisoj\.gradle\caches\modules-2\files-2.1\org.springframework\spring-jcl\5.0.6.RELEASE\295ee4e8657e9c1fd327735c01d5fbce339cc44d\spring-jcl-5.0.6.RELEASE.jar;C:\Users\a-sisoj\.gradle\caches\modules-2\files-2.1\org.attoparser\attoparser\2.0.4.RELEASE\5cf02c4d8303a81f0c80971bb1dcd40d3ba96009\attoparser-2.0.4.RELEASE.jar;C:\Users\a-sisoj\.gradle\caches\modules-2\files-2.1\org.unbescape\unbescape\1.1.5.RELEASE\46dc644ea9c234317d926ebac5bf5d8f114dc1ba\unbescape-1.1.5.RELEASE.jar;C:\Users\a-sisoj\.gradle\caches\modules-2\files-2.1\com.fasterxml.jackson.core\jackson-annotations\2.9.0\7c10d545325e3a6e72e06381afe469fd40eb701\jackson-annotations-2.9.0.jar;C:\Users\a-sisoj\.gradle\caches\modules-2\files-2.1\com.fasterxml.jackson.core\jackson-core\2.9.5\a22ac51016944b06fd9ffbc9541c6e7ce5eea117\jackson-core-2.9.5.jar;C:\Users\a-sisoj\.gradle\caches\modules-2\files-2.1\net.minidev\accessors-smart\1.2\c592b500269bfde36096641b01238a8350f8aa31\accessors-smart-1.2.jar;C:\Users\a-sisoj\.gradle\caches\modules-2\files-2.1\ch.qos.logback\logback-core\1.2.3\864344400c3d4d92dfeb0a305dc87d953677c03c\logback-core-1.2.3.jar;C:\Users\a-sisoj\.gradle\caches\modules-2\files-2.1\org.apache.logging.log4j\log4j-api\2.10.0\fec5797a55b786184a537abd39c3fa1449d752d6\log4j-api-2.10.0.jar;C:\Users\a-sisoj\.gradle\caches\modules-2\files-2.1\org.ow2.asm\asm\5.0.4\da08b8cce7bbf903602a25a3a163ae252435795\asm-5.0.4.jar, user.name=A-SISOJ, java.vm.specification.version=1.8, sun.java.command=worker.org.gradle.process.internal.worker.GradleWorkerMain 'Gradle Test Executor 1', java.home=C:\Program Files (x86)\Java\jdk1.8.0_161\jre, sun.arch.data.model=64, user.language=en, java.specification.vendor=Oracle Corporation, awt.toolkit=sun.awt.windows.WToolkit, java.vm.info=mixed mode, java.version=1.8.0_161, java.ext.dirs=C:\Program Files (x86)\Java\jdk1.8.0_161\jre\lib\ext;C:\Windows\Sun\Java\lib\ext, sun.boot.class.path=C:\Program Files (x86)\Java\jdk1.8.0_161\jre\lib\resources.jar;C:\Program Files (x86)\Java\jdk1.8.0_161\jre\lib\rt.jar;C:\Program Files (x86)\Java\jdk1.8.0_161\jre\lib\sunrsasign.jar;C:\Program Files (x86)\Java\jdk1.8.0_161\jre\lib\jsse.jar;C:\Program Files (x86)\Java\jdk1.8.0_161\jre\lib\jce.jar;C:\Program Files (x86)\Java\jdk1.8.0_161\jre\lib\charsets.jar;C:\Program Files (x86)\Java\jdk1.8.0_161\jre\lib\jfr.jar;C:\Program Files (x86)\Java\jdk1.8.0_161\jre\classes, java.vendor=Oracle Corporation, org.gradle.test.worker=1, file.separator=\, java.vendor.url.bug=http://bugreport.sun.com/bugreport/, sun.io.unicode.encoding=UnicodeLittle, sun.cpu.endian=little, sun.desktop=windows, sun.cpu.isalist=amd64}}, SystemEnvironmentPropertySource@1944779783 {name='systemEnvironment', properties={LOCALAPPDATA=C:\Users\a-sisoj\AppData\Local, PROCESSOR_LEVEL=6, FP_NO_HOST_CHECK=NO, USERDOMAIN=UHC-NT, JAVA_HOME=C:\Program Files (x86)\Java\jdk1.8.0_161, CDP_DB_NAME=CDP_Blind, ALLUSERSPROFILE=C:\ProgramData, PROCESSOR_ARCHITECTURE=AMD64, PSModulePath=C:\Windows\system32\WindowsPowerShell\v1.0\Modules\;C:\Program Files (x86)\Microsoft SQL Server\120\Tools\PowerShell\Modules\, SystemDrive=C:, APPDATA=C:\Users\a-sisoj\AppData\Roaming, USERNAME=A-SISOJ, USERDNSDOMAIN=UHC.EDU, windows_tracing_logfile=C:\BVTBin\Tests\installpackage\csilogfile.log, ProgramFiles(x86)=C:\Program Files (x86), VBOX_MSI_INSTALL_PATH=C:\SOURCE\APPS\VirtualBoxOracle\, CommonProgramFiles=C:\Program Files\Common Files, Path=C:\SOURCE\APPS\Ruby24-x64\bin;C:\ProgramData\Oracle\Java\javapath;C:\Program Files (x86)\Razer Chroma SDK\bin;C:\Program Files\Razer Chroma SDK\bin;C:\Ruby22-x64\bin;C:\Windows\system32;C:\Windows;C:\Windows\System32\Wbem;C:\Program Files\Intel\WiFi\bin\;C:\Program Files\Common Files\Intel\WirelessCommon\;C:\Program Files\Microsoft SQL Server\Client SDK\ODBC\110\Tools\Binn\;C:\Program Files (x86)\Microsoft SQL Server\120\Tools\Binn\ManagementStudio\;C:\Program Files (x86)\Microsoft SQL Server\120\Tools\Binn\;C:\Program Files\Microsoft SQL Server\120\Tools\Binn\;C:\Program Files (x86)\Microsoft SQL Server\120\DTS\Binn\;C:\Program Files (x86)\Microsoft SQL Server\100\Tools\Binn\VSShell\Common7\IDE\;C:\Program Files (x86)\Microsoft SQL Server\100\Tools\Binn\;C:\Program Files\Microsoft SQL Server\100\Tools\Binn\;C:\Program Files (x86)\Microsoft Visual Studio 9.0\Common7\IDE\PrivateAssemblies\;C:\Program Files (x86)\Microsoft SQL Server\100\DTS\Binn\;C:\Program Files\Microsoft SQL Server\100\DTS\Binn\;C:\Windows\System32\WindowsPowerShell\v1.0\;C:\Windows\System32\WindowsPowerShell\v1.0\;C:\Program Files\nodejs\;C:\Program Files (x86)\Yarn\bin;C:\Program Files\Microsoft SQL Server\120\DTS\Binn\;C:\Program Files\Git\mingw64\bin;C:\workspace\orscq\applications\scalpel_ui\node_modules\.bin;C:\Program Files (x86)\WebEx\Productivity Tools;C:\SOURCE\APPS\Docker Toolbox, PATHEXT=.COM;.EXE;.BAT;.CMD;.VBS;.VBE;.JS;.JSE;.WSF;.WSH;.MSC;.RB;.RBW, DB_SERVER=dev-iadb.uhc-dev.edu, OS=Windows_NT, windows_tracing_flags=3, COMPUTERNAME=ITSISO-460, PROCESSOR_REVISION=4e03, CommonProgramW6432=C:\Program Files\Common Files, ComSpec=C:\Windows\system32\cmd.exe, UATDATA=C:\Windows\SysWOW64\CCM\UATData\D9F8C395-CAB8-491d-B8AC-179A1FE1BE77, ProgramData=C:\ProgramData, ProgramW6432=C:\Program Files, MART_DB_NAME=CI_CQE_MART, SystemRoot=C:\Windows, TEMP=C:\Users\a-sisoj\AppData\Local\Temp, PROCESSOR_IDENTIFIER=Intel64 Family 6 Model 78 Stepping 3, GenuineIntel, USERPROFILE=C:\Users\a-sisoj, TMP=C:\Users\a-sisoj\AppData\Local\Temp, CommonProgramFiles(x86)=C:\Program Files (x86)\Common Files, ProgramFiles=C:\Program Files, PUBLIC=C:\Users\Public, WHSE_DB_NAME=CI_CQE_WHSE, CDP_SERVER=tst-cdpdb.uhc-test.edu, NUMBER_OF_PROCESSORS=4, windir=C:\Windows, DOCKER_TOOLBOX_INSTALL_PATH=C:\SOURCE\APPS\Docker Toolbox, DB_PASSWORD=Freightyard29infoset^}}]
23:14:50.358 [Test worker] DEBUG org.springframework.core.io.support.PathMatchingResourcePatternResolver - Resolved classpath location [com/siso/notepad/] to resources [URL [file:/C:/Users/sisoj/Desktop/newTestLearn/applications/app_api/build/classes/java/test/com/siso/notepad/], URL [file:/C:/Users/sisoj/Desktop/newTestLearn/applications/app_api/build/classes/java/main/com/siso/notepad/]]
23:14:50.358 [Test worker] DEBUG org.springframework.core.io.support.PathMatchingResourcePatternResolver - Looking for matching resources in directory tree [C:\Users\sisoj\Desktop\newTestLearn\applications\app_api\build\classes\java\test\com\siso\notepad]
23:14:50.359 [Test worker] DEBUG org.springframework.core.io.support.PathMatchingResourcePatternResolver - Searching directory [C:\Users\sisoj\Desktop\newTestLearn\applications\app_api\build\classes\java\test\com\siso\notepad] for files matching pattern [C:/Users/sisoj/Desktop/newTestLearn/applications/app_api/build/classes/java/test/com/siso/notepad/*.class]
23:14:50.367 [Test worker] DEBUG org.springframework.core.io.support.PathMatchingResourcePatternResolver - Looking for matching resources in directory tree [C:\Users\sisoj\Desktop\newTestLearn\applications\app_api\build\classes\java\main\com\siso\notepad]
23:14:50.367 [Test worker] DEBUG org.springframework.core.io.support.PathMatchingResourcePatternResolver - Searching directory [C:\Users\sisoj\Desktop\newTestLearn\applications\app_api\build\classes\java\main\com\siso\notepad] for files matching pattern [C:/Users/sisoj/Desktop/newTestLearn/applications/app_api/build/classes/java/main/com/siso/notepad/*.class]
23:14:50.373 [Test worker] DEBUG org.springframework.core.io.support.PathMatchingResourcePatternResolver - Resolved location pattern [classpath*:com/siso/notepad/*.class] to resources [file [C:\Users\sisoj\Desktop\newTestLearn\applications\app_api\build\classes\java\test\com\siso\notepad\NotepadApplicationTests.class], file [C:\Users\sisoj\Desktop\newTestLearn\applications\app_api\build\classes\java\main\com\siso\notepad\NotepadApplication.class]]
23:14:50.453 [Test worker] DEBUG org.springframework.context.annotation.ClassPathScanningCandidateComponentProvider - Identified candidate component class: file [C:\Users\sisoj\Desktop\newTestLearn\applications\app_api\build\classes\java\main\com\siso\notepad\NotepadApplication.class]
23:14:50.466 [Test worker] INFO org.springframework.boot.test.context.SpringBootTestContextBootstrapper - Found @SpringBootConfiguration com.siso.notepad.NotepadApplication for test class com.siso.notepad.NotepadApplicationTests
23:14:50.694 [Test worker] DEBUG org.springframework.boot.test.context.SpringBootTestContextBootstrapper - @TestExecutionListeners is not present for class [com.siso.notepad.NotepadApplicationTests]: using defaults.
23:14:50.696 [Test worker] INFO org.springframework.boot.test.context.SpringBootTestContextBootstrapper - Loaded default TestExecutionListener class names from location [META-INF/spring.factories]: [org.springframework.boot.test.autoconfigure.restdocs.RestDocsTestExecutionListener, org.springframework.boot.test.autoconfigure.web.client.MockRestServiceServerResetTestExecutionListener, org.springframework.boot.test.autoconfigure.web.servlet.MockMvcPrintOnlyOnFailureTestExecutionListener, org.springframework.boot.test.autoconfigure.web.servlet.WebDriverTestExecutionListener, org.springframework.boot.test.mock.mockito.MockitoTestExecutionListener, org.springframework.boot.test.mock.mockito.ResetMocksTestExecutionListener, org.springframework.test.context.web.ServletTestExecutionListener, org.springframework.test.context.support.DirtiesContextBeforeModesTestExecutionListener, org.springframework.test.context.support.DependencyInjectionTestExecutionListener, org.springframework.test.context.support.DirtiesContextTestExecutionListener, org.springframework.test.context.transaction.TransactionalTestExecutionListener, org.springframework.test.context.jdbc.SqlScriptsTestExecutionListener]
23:14:50.783 [Test worker] INFO org.springframework.boot.test.context.SpringBootTestContextBootstrapper - Using TestExecutionListeners: [org.springframework.test.context.web.ServletTestExecutionListener@31d2c10d, org.springframework.test.context.support.DirtiesContextBeforeModesTestExecutionListener@7924236f, org.springframework.boot.test.mock.mockito.MockitoTestExecutionListener@3b7a6967, org.springframework.boot.test.autoconfigure.SpringBootDependencyInjectionTestExecutionListener@3d9ea420, org.springframework.test.context.support.DirtiesContextTestExecutionListener@1a63d037, org.springframework.test.context.transaction.TransactionalTestExecutionListener@4204b74f, org.springframework.test.context.jdbc.SqlScriptsTestExecutionListener@2adddf39, org.springframework.boot.test.autoconfigure.restdocs.RestDocsTestExecutionListener@62aad1e6, org.springframework.boot.test.autoconfigure.web.client.MockRestServiceServerResetTestExecutionListener@664c57ec, org.springframework.boot.test.autoconfigure.web.servlet.MockMvcPrintOnlyOnFailureTestExecutionListener@1952aa5, org.springframework.boot.test.autoconfigure.web.servlet.WebDriverTestExecutionListener@45f519b9, org.springframework.boot.test.mock.mockito.ResetMocksTestExecutionListener@71e4d500]
23:14:50.789 [Test worker] DEBUG org.springframework.test.annotation.ProfileValueUtils - Retrieved @ProfileValueSourceConfiguration [null] for test class [com.siso.notepad.NotepadApplicationTests]
23:14:50.790 [Test worker] DEBUG org.springframework.test.annotation.ProfileValueUtils - Retrieved ProfileValueSource type [class org.springframework.test.annotation.SystemProfileValueSource] for class [com.siso.notepad.NotepadApplicationTests]
23:14:50.792 [Test worker] DEBUG org.springframework.test.annotation.ProfileValueUtils - Retrieved @ProfileValueSourceConfiguration [null] for test class [com.siso.notepad.NotepadApplicationTests]
23:14:50.792 [Test worker] DEBUG org.springframework.test.annotation.ProfileValueUtils - Retrieved ProfileValueSource type [class org.springframework.test.annotation.SystemProfileValueSource] for class [com.siso.notepad.NotepadApplicationTests]
23:14:50.802 [Test worker] DEBUG org.springframework.test.context.support.AbstractDirtiesContextTestExecutionListener - Before test class: context [DefaultTestContext@1d773858 testClass = NotepadApplicationTests, testInstance = [null], testMethod = [null], testException = [null], mergedContextConfiguration = [WebMergedContextConfiguration@142f5163 testClass = NotepadApplicationTests, locations = '{}', classes = '{class com.siso.notepad.NotepadApplication}', contextInitializerClasses = '[]', activeProfiles = '{}', propertySourceLocations = '{}', propertySourceProperties = '{org.springframework.boot.test.context.SpringBootTestContextBootstrapper=true}', contextCustomizers = set[org.springframework.boot.test.autoconfigure.properties.PropertyMappingContextCustomizer@0, org.springframework.boot.test.autoconfigure.web.servlet.WebDriverContextCustomizerFactory$Customizer@6eb15c35, org.springframework.boot.test.context.filter.ExcludeFilterContextCustomizer@396e302f, org.springframework.boot.test.json.DuplicateJsonObjectContextCustomizerFactory$DuplicateJsonObjectContextCustomizer@74483ebb, org.springframework.boot.test.mock.mockito.MockitoContextCustomizer@0, org.springframework.boot.test.web.client.TestRestTemplateContextCustomizer@33a4da37], resourceBasePath = 'src/main/webapp', contextLoader = 'org.springframework.boot.test.context.SpringBootContextLoader', parent = [null]], attributes = map['org.springframework.test.context.web.ServletTestExecutionListener.activateListener' -> true]], class annotated with @DirtiesContext [false] with mode [null].
23:14:50.804 [Test worker] DEBUG org.springframework.test.annotation.ProfileValueUtils - Retrieved @ProfileValueSourceConfiguration [null] for test class [com.siso.notepad.NotepadApplicationTests]
23:14:50.805 [Test worker] DEBUG org.springframework.test.annotation.ProfileValueUtils - Retrieved ProfileValueSource type [class org.springframework.test.annotation.SystemProfileValueSource] for class [com.siso.notepad.NotepadApplicationTests]
23:14:50.868 [Test worker] DEBUG org.springframework.core.env.StandardEnvironment - Adding PropertySource 'systemProperties' with lowest search precedence
23:14:50.869 [Test worker] DEBUG org.springframework.core.env.StandardEnvironment - Adding PropertySource 'systemEnvironment' with lowest search precedence
23:14:50.870 [Test worker] DEBUG org.springframework.core.env.StandardEnvironment - Initialized StandardEnvironment with PropertySources [MapPropertySource@148315774 {name='systemProperties', properties={java.runtime.name=Java(TM) SE Runtime Environment, sun.boot.library.path=C:\Program Files (x86)\Java\jdk1.8.0_161\jre\bin, java.vm.version=25.161-b12, java.vm.vendor=Oracle Corporation, java.vendor.url=http://java.oracle.com/, path.separator=;, java.vm.name=Java HotSpot(TM) 64-Bit Server VM, file.encoding.pkg=sun.io, user.script=, sun.java.launcher=SUN_STANDARD, user.country=US, sun.os.patch.level=Service Pack 1, java.vm.specification.name=Java Virtual Machine Specification, user.dir=C:\Users\sisoj\Desktop\newTestLearn\applications\app_api, java.runtime.version=1.8.0_161-b12, java.awt.graphicsenv=sun.awt.Win32GraphicsEnvironment, java.endorsed.dirs=C:\Program Files (x86)\Java\jdk1.8.0_161\jre\lib\endorsed, os.arch=amd64, java.io.tmpdir=C:\Users\a-sisoj\AppData\Local\Temp\, line.separator=
, java.vm.specification.vendor=Oracle Corporation, user.variant=, os.name=Windows 7, sun.jnu.encoding=Cp1252, java.library.path=C:\Program Files (x86)\Java\jdk1.8.0_161\bin;C:\Windows\Sun\Java\bin;C:\Windows\system32;C:\Windows;C:\SOURCE\APPS\Ruby24-x64\bin;C:\ProgramData\Oracle\Java\javapath;C:\Program Files (x86)\Razer Chroma SDK\bin;C:\Program Files\Razer Chroma SDK\bin;C:\Ruby22-x64\bin;C:\Windows\system32;C:\Windows;C:\Windows\System32\Wbem;C:\Program Files\Intel\WiFi\bin\;C:\Program Files\Common Files\Intel\WirelessCommon\;C:\Program Files\Microsoft SQL Server\Client SDK\ODBC\110\Tools\Binn\;C:\Program Files (x86)\Microsoft SQL Server\120\Tools\Binn\ManagementStudio\;C:\Program Files (x86)\Microsoft SQL Server\120\Tools\Binn\;C:\Program Files\Microsoft SQL Server\120\Tools\Binn\;C:\Program Files (x86)\Microsoft SQL Server\120\DTS\Binn\;C:\Program Files (x86)\Microsoft SQL Server\100\Tools\Binn\VSShell\Common7\IDE\;C:\Program Files (x86)\Microsoft SQL Server\100\Tools\Binn\;C:\Program Files\Microsoft SQL Server\100\Tools\Binn\;C:\Program Files (x86)\Microsoft Visual Studio 9.0\Common7\IDE\PrivateAssemblies\;C:\Program Files (x86)\Microsoft SQL Server\100\DTS\Binn\;C:\Program Files\Microsoft SQL Server\100\DTS\Binn\;C:\Windows\System32\WindowsPowerShell\v1.0\;C:\Windows\System32\WindowsPowerShell\v1.0\;C:\Program Files\nodejs\;C:\Program Files (x86)\Yarn\bin;C:\Program Files\Microsoft SQL Server\120\DTS\Binn\;C:\Program Files\Git\mingw64\bin;C:\workspace\orscq\applications\scalpel_ui\node_modules\.bin;C:\Program Files (x86)\WebEx\Productivity Tools;C:\SOURCE\APPS\Docker Toolbox;., java.specification.name=Java Platform API Specification, java.class.version=52.0, org.gradle.native=false, sun.management.compiler=HotSpot 64-Bit Tiered Compilers, os.version=6.1, user.home=C:\Users\a-sisoj, user.timezone=America/Chicago, java.awt.printerjob=sun.awt.windows.WPrinterJob, file.encoding=windows-1252, java.specification.version=1.8, java.class.path=C:\Users\sisoj\Desktop\newTestLearn\applications\app_api\build\classes\java\test;C:\Users\sisoj\Desktop\newTestLearn\applications\app_api\build\resources\test;C:\Users\sisoj\Desktop\newTestLearn\applications\app_api\build\classes\java\main;C:\Users\sisoj\Desktop\newTestLearn\applications\app_api\build\resources\main;C:\Users\a-sisoj\.gradle\caches\modules-2\files-2.1\org.springframework.boot\spring-boot-starter-data-jpa\2.0.2.RELEASE\a277d15c247684aaef38852a2e71b8b1ef7357e6\spring-boot-starter-data-jpa-2.0.2.RELEASE.jar;C:\Users\a-sisoj\.gradle\caches\modules-2\files-2.1\org.springframework.boot\spring-boot-starter-jdbc\2.0.2.RELEASE\f93c2459a06061f889b837d1c2503055df024778\spring-boot-starter-jdbc-2.0.2.RELEASE.jar;C:\Users\a-sisoj\.gradle\caches\modules-2\files-2.1\org.springframework.boot\spring-boot-starter-thymeleaf\2.0.2.RELEASE\1384e93480a1555897cfbec4592a41173acae714\spring-boot-starter-thymeleaf-2.0.2.RELEASE.jar;C:\Users\a-sisoj\.gradle\caches\modules-2\files-2.1\org.xerial\sqlite-jdbc\3.7.2\7a3d67f00508d3881650579f7f228c61bfc1b196\sqlite-jdbc-3.7.2.jar;C:\Users\a-sisoj\.gradle\caches\modules-2\files-2.1\org.springframework.boot\spring-boot-starter-web\2.0.2.RELEASE\b6ef0cf4d0a7c6c7e93ff524b84cd1d8f87f67d9\spring-boot-starter-web-2.0.2.RELEASE.jar;C:\Users\a-sisoj\.gradle\caches\modules-2\files-2.1\org.flywaydb\flyway-core\5.0.7\71b796e103987cf8f24068f1f5490fac8f8e1126\flyway-core-5.0.7.jar;C:\Users\a-sisoj\.gradle\caches\modules-2\files-2.1\org.webjars\bootstrap\4.1.0\9fca1e85718609e135dda6f8c78f459f945438dc\bootstrap-4.1.0.jar;C:\Users\a-sisoj\.gradle\caches\modules-2\files-2.1\org.springframework.boot\spring-boot-devtools\2.0.2.RELEASE\ed2b1c877b0c00ef7f961bd118e420a49de3c970\spring-boot-devtools-2.0.2.RELEASE.jar;C:\Users\a-sisoj\.gradle\caches\modules-2\files-2.1\com.h2database\h2\1.4.197\bb391050048ca8ae3e32451b5a3714ecd3596a46\h2-1.4.197.jar;C:\Users\a-sisoj\.gradle\caches\modules-2\files-2.1\org.postgresql\postgresql\42.2.2\7ebd60d15eec1f9e796d68212121d92e3dd566b2\postgresql-42.2.2.jar;C:\Users\a-sisoj\.gradle\caches\modules-2\files-2.1\org.springframework.boot\spring-boot-starter-test\2.0.2.RELEASE\d9e090412f318586e0f277e24740b79b58ef190b\spring-boot-starter-test-2.0.2.RELEASE.jar;C:\Users\a-sisoj\.gradle\caches\modules-2\files-2.1\org.springframework.boot\spring-boot-starter-aop\2.0.2.RELEASE\b0b0c7dcfdffaef1b04886c0279772905bc7e9d2\spring-boot-starter-aop-2.0.2.RELEASE.jar;C:\Users\a-sisoj\.gradle\caches\modules-2\files-2.1\org.springframework.boot\spring-boot-starter-json\2.0.2.RELEASE\5edda979838ced5314b8f58a958fe9d6b4b3badd\spring-boot-starter-json-2.0.2.RELEASE.jar;C:\Users\a-sisoj\.gradle\caches\modules-2\files-2.1\org.springframework.boot\spring-boot-starter\2.0.2.RELEASE\1cda94f0dfcf2b065191782a54b84d2abf96391\spring-boot-starter-2.0.2.RELEASE.jar;C:\Users\a-sisoj\.gradle\caches\modules-2\files-2.1\org.hibernate\hibernate-core\5.2.17.Final\f2dc36470e7a2ffcf6106bb1625ecf5b54bb5f65\hibernate-core-5.2.17.Final.jar;C:\Users\a-sisoj\.gradle\caches\modules-2\files-2.1\javax.transaction\javax.transaction-api\1.2\d81aff979d603edd90dcd8db2abc1f4ce6479e3e\javax.transaction-api-1.2.jar;C:\Users\a-sisoj\.gradle\caches\modules-2\files-2.1\org.springframework.data\spring-data-jpa\2.0.7.RELEASE\9f201f3d3435a9e5422e0edcff3475c46215ffb\spring-data-jpa-2.0.7.RELEASE.jar;C:\Users\a-sisoj\.gradle\caches\modules-2\files-2.1\org.springframework\spring-aspects\5.0.6.RELEASE\45a7631a64eb82625067587b9796d4418d9e0568\spring-aspects-5.0.6.RELEASE.jar;C:\Users\a-sisoj\.gradle\caches\modules-2\files-2.1\com.zaxxer\HikariCP\2.7.9\a83113d2c091d0d0f853dad3217bd7df3beb6ae3\HikariCP-2.7.9.jar;C:\Users\a-sisoj\.gradle\caches\modules-2\files-2.1\org.springframework\spring-orm\5.0.6.RELEASE\7a08073597b79dfcd4db1cffa924f2b991a14a20\spring-orm-5.0.6.RELEASE.jar;C:\Users\a-sisoj\.gradle\caches\modules-2\files-2.1\org.springframework\spring-jdbc\5.0.6.RELEASE\7d4de1ee9b042774e09ceb88393e5a564e342729\spring-jdbc-5.0.6.RELEASE.jar;C:\Users\a-sisoj\.gradle\caches\modules-2\files-2.1\org.thymeleaf\thymeleaf-spring5\3.0.9.RELEASE\abf84efd83808a70d982d2790f7f3a7bd3a39cf4\thymeleaf-spring5-3.0.9.RELEASE.jar;C:\Users\a-sisoj\.gradle\caches\modules-2\files-2.1\org.thymeleaf.extras\thymeleaf-extras-java8time\3.0.1.RELEASE\d23760d1e53cd70c489ef40dc94ee6bd2371cceb\thymeleaf-extras-java8time-3.0.1.RELEASE.jar;C:\Users\a-sisoj\.gradle\caches\modules-2\files-2.1\org.springframework.boot\spring-boot-starter-tomcat\2.0.2.RELEASE\cedbfb18762e1c220007c768bfc5b773f5b30f8a\spring-boot-starter-tomcat-2.0.2.RELEASE.jar;C:\Users\a-sisoj\.gradle\caches\modules-2\files-2.1\org.hibernate.validator\hibernate-validator\6.0.9.Final\b149e4cce82379f11f6129eb3187ca8ae5404005\hibernate-validator-6.0.9.Final.jar;C:\Users\a-sisoj\.gradle\caches\modules-2\files-2.1\org.springframework\spring-webmvc\5.0.6.RELEASE\1361c5d1cf46665ee01de5dc1ca447c3be174c19\spring-webmvc-5.0.6.RELEASE.jar;C:\Users\a-sisoj\.gradle\caches\modules-2\files-2.1\org.springframework\spring-web\5.0.6.RELEASE\89e89de3025165998118590613aedc6df8d64af6\spring-web-5.0.6.RELEASE.jar;C:\Users\a-sisoj\.gradle\caches\modules-2\files-2.1\org.webjars\jquery\3.0.0\cb5f5f489e595259cee33239f0cbe8ddb5a9c0d1\jquery-3.0.0.jar;C:\Users\a-sisoj\.gradle\caches\modules-2\files-2.1\org.webjars\popper.js\1.14.1\45b284e3e86f310b72e0d78ec298f5d1d2c68b62\popper.js-1.14.1.jar;C:\Users\a-sisoj\.gradle\caches\modules-2\files-2.1\org.springframework.boot\spring-boot-test-autoconfigure\2.0.2.RELEASE\4993bdd96a4c02bc5b5703862d99ef4c563f25d0\spring-boot-test-autoconfigure-2.0.2.RELEASE.jar;C:\Users\a-sisoj\.gradle\caches\modules-2\files-2.1\org.springframework.boot\spring-boot-autoconfigure\2.0.2.RELEASE\f4b25e753e4955337a138d8b1550236b5efe5b3b\spring-boot-autoconfigure-2.0.2.RELEASE.jar;C:\Users\a-sisoj\.gradle\caches\modules-2\files-2.1\org.springframework.boot\spring-boot-test\2.0.2.RELEASE\fc85812e6543312a3b0ea9fbbdfd4a51183380a3\spring-boot-test-2.0.2.RELEASE.jar;C:\Users\a-sisoj\.gradle\caches\modules-2\files-2.1\org.springframework.boot\spring-boot\2.0.2.RELEASE\15012cf02e9f77938244e554f0598535fdd1cb38\spring-boot-2.0.2.RELEASE.jar;C:\Users\a-sisoj\.gradle\caches\modules-2\files-2.1\com.jayway.jsonpath\json-path\2.4.0\765a4401ceb2dc8d40553c2075eb80a8fa35c2ae\json-path-2.4.0.jar;C:\Users\a-sisoj\.gradle\caches\modules-2\files-2.1\junit\junit\4.12\2973d150c0dc1fefe998f834810d68f278ea58ec\junit-4.12.jar;C:\Users\a-sisoj\.gradle\caches\modules-2\files-2.1\org.assertj\assertj-core\3.9.1\c5ce126b15f28d56cd8f960c1a6a058b9c9aea87\assertj-core-3.9.1.jar;C:\Users\a-sisoj\.gradle\caches\modules-2\files-2.1\org.mockito\mockito-core\2.15.0\b84bfbbc29cd22c9529409627af6ea2897f4fa85\mockito-core-2.15.0.jar;C:\Users\a-sisoj\.gradle\caches\modules-2\files-2.1\org.hamcrest\hamcrest-library\1.3\4785a3c21320980282f9f33d0d1264a69040538f\hamcrest-library-1.3.jar;C:\Users\a-sisoj\.gradle\caches\modules-2\files-2.1\org.hamcrest\hamcrest-core\1.3\42a25dc3219429f0e5d060061f71acb49bf010a0\hamcrest-core-1.3.jar;C:\Users\a-sisoj\.gradle\caches\modules-2\files-2.1\org.skyscreamer\jsonassert\1.5.0\6c9d5fe2f59da598d9aefc1cfc6528ff3cf32df3\jsonassert-1.5.0.jar;C:\Users\a-sisoj\.gradle\caches\modules-2\files-2.1\org.springframework\spring-test\5.0.6.RELEASE\dbc99b288774b2e07d94bc14fe38d556bc3ed34a\spring-test-5.0.6.RELEASE.jar;C:\Users\a-sisoj\.gradle\caches\modules-2\files-2.1\org.springframework.data\spring-data-commons\2.0.7.RELEASE\7faa0fb2ffa50a5c50ad9f10118095ae24d5c6e1\spring-data-commons-2.0.7.RELEASE.jar;C:\Users\a-sisoj\.gradle\caches\modules-2\files-2.1\org.springframework\spring-context\5.0.6.RELEASE\8b73b742ef0ddce04f0f1068f305de240b00ce0d\spring-context-5.0.6.RELEASE.jar;C:\Users\a-sisoj\.gradle\caches\modules-2\files-2.1\org.springframework\spring-tx\5.0.6.RELEASE\1b6ffc44f2d59507a0fce1084fcc21788b13904\spring-tx-5.0.6.RELEASE.jar;C:\Users\a-sisoj\.gradle\caches\modules-2\files-2.1\org.springframework\spring-aop\5.0.6.RELEASE\74078df698992054c1c1a8f705763a6c7b4b914c\spring-aop-5.0.6.RELEASE.jar;C:\Users\a-sisoj\.gradle\caches\modules-2\files-2.1\org.springframework\spring-beans\5.0.6.RELEASE\d609b83cd8a71650a70778cf8d02c9a05b9161fe\spring-beans-5.0.6.RELEASE.jar;C:\Users\a-sisoj\.gradle\caches\modules-2\files-2.1\org.springframework\spring-expression\5.0.6.RELEASE\dec57ae5e6f0dfd4c6cfc199aa13ed268c3e1a65\spring-expression-5.0.6.RELEASE.jar;C:\Users\a-sisoj\.gradle\caches\modules-2\files-2.1\org.springframework\spring-core\5.0.6.RELEASE\984a52455b1be596b7f1a29f62d21d2f483eb764\spring-core-5.0.6.RELEASE.jar;C:\Users\a-sisoj\.gradle\caches\modules-2\files-2.1\org.xmlunit\xmlunit-core\2.5.1\4ffdb346572a7356f7521cd3119ce5287d2e339d\xmlunit-core-2.5.1.jar;C:\Users\a-sisoj\.gradle\caches\modules-2\files-2.1\org.springframework.boot\spring-boot-starter-logging\2.0.2.RELEASE\b56d7d1931792d6e58dbd41f956912359ba85238\spring-boot-starter-logging-2.0.2.RELEASE.jar;C:\Users\a-sisoj\.gradle\caches\modules-2\files-2.1\javax.annotation\javax.annotation-api\1.3.2\934c04d3cfef185a8008e7bf34331b79730a9d43\javax.annotation-api-1.3.2.jar;C:\Users\a-sisoj\.gradle\caches\modules-2\files-2.1\org.yaml\snakeyaml\1.19\2d998d3d674b172a588e54ab619854d073f555b5\snakeyaml-1.19.jar;C:\Users\a-sisoj\.gradle\caches\modules-2\files-2.1\org.aspectj\aspectjweaver\1.8.13\ad94df2a28d658a40dc27bbaff6a1ce5fbf04e9b\aspectjweaver-1.8.13.jar;C:\Users\a-sisoj\.gradle\caches\modules-2\files-2.1\org.hibernate.common\hibernate-commons-annotations\5.0.1.Final\71e1cff3fcb20d3b3af4f3363c3ddb24d33c6879\hibernate-commons-annotations-5.0.1.Final.jar;C:\Users\a-sisoj\.gradle\caches\modules-2\files-2.1\org.jboss.logging\jboss-logging\3.3.2.Final\3789d00e859632e6c6206adc0c71625559e6e3b0\jboss-logging-3.3.2.Final.jar;C:\Users\a-sisoj\.gradle\caches\modules-2\files-2.1\org.hibernate.javax.persistence\hibernate-jpa-2.1-api\1.0.0.Final\5e731d961297e5a07290bfaf3db1fbc8bbbf405a\hibernate-jpa-2.1-api-1.0.0.Final.jar;C:\Users\a-sisoj\.gradle\caches\modules-2\files-2.1\org.javassist\javassist\3.22.0-GA\3e83394258ae2089be7219b971ec21a8288528ad\javassist-3.22.0-GA.jar;C:\Users\a-sisoj\.gradle\caches\modules-2\files-2.1\antlr\antlr\2.7.7\83cd2cd674a217ade95a4bb83a8a14f351f48bd0\antlr-2.7.7.jar;C:\Users\a-sisoj\.gradle\caches\modules-2\files-2.1\org.jboss\jandex\2.0.3.Final\bfc4d6257dbff7a33a357f0de116be6ff951d849\jandex-2.0.3.Final.jar;C:\Users\a-sisoj\.gradle\caches\modules-2\files-2.1\com.fasterxml\classmate\1.3.4\3d5f48f10bbe4eb7bd862f10c0583be2e0053c6\classmate-1.3.4.jar;C:\Users\a-sisoj\.gradle\caches\modules-2\files-2.1\dom4j\dom4j\1.6.1\5d3ccc056b6f056dbf0dddfdf43894b9065a8f94\dom4j-1.6.1.jar;C:\Users\a-sisoj\.gradle\caches\modules-2\files-2.1\org.thymeleaf\thymeleaf\3.0.9.RELEASE\64185cca50ac808ad034841c84b4013f955465d2\thymeleaf-3.0.9.RELEASE.jar;C:\Users\a-sisoj\.gradle\caches\modules-2\files-2.1\ch.qos.logback\logback-classic\1.2.3\7c4f3c474fb2c041d8028740440937705ebb473a\logback-classic-1.2.3.jar;C:\Users\a-sisoj\.gradle\caches\modules-2\files-2.1\org.apache.logging.log4j\log4j-to-slf4j\2.10.0\f7e631ccf49cfc0aefa4a2a728da7d374c05bd3c\log4j-to-slf4j-2.10.0.jar;C:\Users\a-sisoj\.gradle\caches\modules-2\files-2.1\org.slf4j\jul-to-slf4j\1.7.25\af5364cd6679bfffb114f0dec8a157aaa283b76\jul-to-slf4j-1.7.25.jar;C:\Users\a-sisoj\.gradle\caches\modules-2\files-2.1\org.slf4j\slf4j-api\1.7.25\da76ca59f6a57ee3102f8f9bd9cee742973efa8a\slf4j-api-1.7.25.jar;C:\Users\a-sisoj\.gradle\caches\modules-2\files-2.1\com.fasterxml.jackson.datatype\jackson-datatype-jdk8\2.9.5\23e37f085279ba316c0df923513b81609e1d1f6\jackson-datatype-jdk8-2.9.5.jar;C:\Users\a-sisoj\.gradle\caches\modules-2\files-2.1\com.fasterxml.jackson.datatype\jackson-datatype-jsr310\2.9.5\d1f0d11e816bc04e222a261106ca138801841c2d\jackson-datatype-jsr310-2.9.5.jar;C:\Users\a-sisoj\.gradle\caches\modules-2\files-2.1\com.fasterxml.jackson.module\jackson-module-parameter-names\2.9.5\f824c60751ffb7bfc3a0d30dfe0e42317d8e67f5\jackson-module-parameter-names-2.9.5.jar;C:\Users\a-sisoj\.gradle\caches\modules-2\files-2.1\com.fasterxml.jackson.core\jackson-databind\2.9.5\3490508379d065fe3fcb80042b62f630f7588606\jackson-databind-2.9.5.jar;C:\Users\a-sisoj\.gradle\caches\modules-2\files-2.1\org.apache.tomcat.embed\tomcat-embed-websocket\8.5.31\6564e716b89de5eaa0dd234ae7989576503ddf3\tomcat-embed-websocket-8.5.31.jar;C:\Users\a-sisoj\.gradle\caches\modules-2\files-2.1\org.apache.tomcat.embed\tomcat-embed-core\8.5.31\f5adf7ed8c34aa005b22b6a2dc7b6796e10e9c79\tomcat-embed-core-8.5.31.jar;C:\Users\a-sisoj\.gradle\caches\modules-2\files-2.1\org.apache.tomcat.embed\tomcat-embed-el\8.5.31\3a536e1ac71b82627c3a7408eb38fa0704cb9034\tomcat-embed-el-8.5.31.jar;C:\Users\a-sisoj\.gradle\caches\modules-2\files-2.1\javax.validation\validation-api\2.0.1.Final\cb855558e6271b1b32e716d24cb85c7f583ce09e\validation-api-2.0.1.Final.jar;C:\Users\a-sisoj\.gradle\caches\modules-2\files-2.1\net.minidev\json-smart\2.3\7396407491352ce4fa30de92efb158adb76b5b\json-smart-2.3.jar;C:\Users\a-sisoj\.gradle\caches\modules-2\files-2.1\net.bytebuddy\byte-buddy\1.7.11\f02857a4e2c66ccbe7aaad6100a0a6c461bce9b3\byte-buddy-1.7.11.jar;C:\Users\a-sisoj\.gradle\caches\modules-2\files-2.1\net.bytebuddy\byte-buddy-agent\1.7.11\b425a8933ca07edd03c6dbc8bc3b595fba9780de\byte-buddy-agent-1.7.11.jar;C:\Users\a-sisoj\.gradle\caches\modules-2\files-2.1\org.objenesis\objenesis\2.6\639033469776fd37c08358c6b92a4761feb2af4b\objenesis-2.6.jar;C:\Users\a-sisoj\.gradle\caches\modules-2\files-2.1\com.vaadin.external.google\android-json\0.0.20131108.vaadin1\fa26d351fe62a6a17f5cda1287c1c6110dec413f\android-json-0.0.20131108.vaadin1.jar;C:\Users\a-sisoj\.gradle\caches\modules-2\files-2.1\org.springframework\spring-jcl\5.0.6.RELEASE\295ee4e8657e9c1fd327735c01d5fbce339cc44d\spring-jcl-5.0.6.RELEASE.jar;C:\Users\a-sisoj\.gradle\caches\modules-2\files-2.1\org.attoparser\attoparser\2.0.4.RELEASE\5cf02c4d8303a81f0c80971bb1dcd40d3ba96009\attoparser-2.0.4.RELEASE.jar;C:\Users\a-sisoj\.gradle\caches\modules-2\files-2.1\org.unbescape\unbescape\1.1.5.RELEASE\46dc644ea9c234317d926ebac5bf5d8f114dc1ba\unbescape-1.1.5.RELEASE.jar;C:\Users\a-sisoj\.gradle\caches\modules-2\files-2.1\com.fasterxml.jackson.core\jackson-annotations\2.9.0\7c10d545325e3a6e72e06381afe469fd40eb701\jackson-annotations-2.9.0.jar;C:\Users\a-sisoj\.gradle\caches\modules-2\files-2.1\com.fasterxml.jackson.core\jackson-core\2.9.5\a22ac51016944b06fd9ffbc9541c6e7ce5eea117\jackson-core-2.9.5.jar;C:\Users\a-sisoj\.gradle\caches\modules-2\files-2.1\net.minidev\accessors-smart\1.2\c592b500269bfde36096641b01238a8350f8aa31\accessors-smart-1.2.jar;C:\Users\a-sisoj\.gradle\caches\modules-2\files-2.1\ch.qos.logback\logback-core\1.2.3\864344400c3d4d92dfeb0a305dc87d953677c03c\logback-core-1.2.3.jar;C:\Users\a-sisoj\.gradle\caches\modules-2\files-2.1\org.apache.logging.log4j\log4j-api\2.10.0\fec5797a55b786184a537abd39c3fa1449d752d6\log4j-api-2.10.0.jar;C:\Users\a-sisoj\.gradle\caches\modules-2\files-2.1\org.ow2.asm\asm\5.0.4\da08b8cce7bbf903602a25a3a163ae252435795\asm-5.0.4.jar, user.name=A-SISOJ, java.vm.specification.version=1.8, sun.java.command=worker.org.gradle.process.internal.worker.GradleWorkerMain 'Gradle Test Executor 1', java.home=C:\Program Files (x86)\Java\jdk1.8.0_161\jre, sun.arch.data.model=64, user.language=en, java.specification.vendor=Oracle Corporation, awt.toolkit=sun.awt.windows.WToolkit, java.vm.info=mixed mode, java.version=1.8.0_161, java.ext.dirs=C:\Program Files (x86)\Java\jdk1.8.0_161\jre\lib\ext;C:\Windows\Sun\Java\lib\ext, sun.boot.class.path=C:\Program Files (x86)\Java\jdk1.8.0_161\jre\lib\resources.jar;C:\Program Files (x86)\Java\jdk1.8.0_161\jre\lib\rt.jar;C:\Program Files (x86)\Java\jdk1.8.0_161\jre\lib\sunrsasign.jar;C:\Program Files (x86)\Java\jdk1.8.0_161\jre\lib\jsse.jar;C:\Program Files (x86)\Java\jdk1.8.0_161\jre\lib\jce.jar;C:\Program Files (x86)\Java\jdk1.8.0_161\jre\lib\charsets.jar;C:\Program Files (x86)\Java\jdk1.8.0_161\jre\lib\jfr.jar;C:\Program Files (x86)\Java\jdk1.8.0_161\jre\classes, java.vendor=Oracle Corporation, org.gradle.test.worker=1, file.separator=\, java.vendor.url.bug=http://bugreport.sun.com/bugreport/, sun.io.unicode.encoding=UnicodeLittle, sun.cpu.endian=little, sun.desktop=windows, sun.cpu.isalist=amd64}}, SystemEnvironmentPropertySource@714412410 {name='systemEnvironment', properties={LOCALAPPDATA=C:\Users\a-sisoj\AppData\Local, PROCESSOR_LEVEL=6, FP_NO_HOST_CHECK=NO, USERDOMAIN=UHC-NT, JAVA_HOME=C:\Program Files (x86)\Java\jdk1.8.0_161, CDP_DB_NAME=CDP_Blind, ALLUSERSPROFILE=C:\ProgramData, PROCESSOR_ARCHITECTURE=AMD64, PSModulePath=C:\Windows\system32\WindowsPowerShell\v1.0\Modules\;C:\Program Files (x86)\Microsoft SQL Server\120\Tools\PowerShell\Modules\, SystemDrive=C:, APPDATA=C:\Users\a-sisoj\AppData\Roaming, USERNAME=A-SISOJ, USERDNSDOMAIN=UHC.EDU, windows_tracing_logfile=C:\BVTBin\Tests\installpackage\csilogfile.log, ProgramFiles(x86)=C:\Program Files (x86), VBOX_MSI_INSTALL_PATH=C:\SOURCE\APPS\VirtualBoxOracle\, CommonProgramFiles=C:\Program Files\Common Files, Path=C:\SOURCE\APPS\Ruby24-x64\bin;C:\ProgramData\Oracle\Java\javapath;C:\Program Files (x86)\Razer Chroma SDK\bin;C:\Program Files\Razer Chroma SDK\bin;C:\Ruby22-x64\bin;C:\Windows\system32;C:\Windows;C:\Windows\System32\Wbem;C:\Program Files\Intel\WiFi\bin\;C:\Program Files\Common Files\Intel\WirelessCommon\;C:\Program Files\Microsoft SQL Server\Client SDK\ODBC\110\Tools\Binn\;C:\Program Files (x86)\Microsoft SQL Server\120\Tools\Binn\ManagementStudio\;C:\Program Files (x86)\Microsoft SQL Server\120\Tools\Binn\;C:\Program Files\Microsoft SQL Server\120\Tools\Binn\;C:\Program Files (x86)\Microsoft SQL Server\120\DTS\Binn\;C:\Program Files (x86)\Microsoft SQL Server\100\Tools\Binn\VSShell\Common7\IDE\;C:\Program Files (x86)\Microsoft SQL Server\100\Tools\Binn\;C:\Program Files\Microsoft SQL Server\100\Tools\Binn\;C:\Program Files (x86)\Microsoft Visual Studio 9.0\Common7\IDE\PrivateAssemblies\;C:\Program Files (x86)\Microsoft SQL Server\100\DTS\Binn\;C:\Program Files\Microsoft SQL Server\100\DTS\Binn\;C:\Windows\System32\WindowsPowerShell\v1.0\;C:\Windows\System32\WindowsPowerShell\v1.0\;C:\Program Files\nodejs\;C:\Program Files (x86)\Yarn\bin;C:\Program Files\Microsoft SQL Server\120\DTS\Binn\;C:\Program Files\Git\mingw64\bin;C:\workspace\orscq\applications\scalpel_ui\node_modules\.bin;C:\Program Files (x86)\WebEx\Productivity Tools;C:\SOURCE\APPS\Docker Toolbox, PATHEXT=.COM;.EXE;.BAT;.CMD;.VBS;.VBE;.JS;.JSE;.WSF;.WSH;.MSC;.RB;.RBW, DB_SERVER=dev-iadb.uhc-dev.edu, OS=Windows_NT, windows_tracing_flags=3, COMPUTERNAME=ITSISO-460, PROCESSOR_REVISION=4e03, CommonProgramW6432=C:\Program Files\Common Files, ComSpec=C:\Windows\system32\cmd.exe, UATDATA=C:\Windows\SysWOW64\CCM\UATData\D9F8C395-CAB8-491d-B8AC-179A1FE1BE77, ProgramData=C:\ProgramData, ProgramW6432=C:\Program Files, MART_DB_NAME=CI_CQE_MART, SystemRoot=C:\Windows, TEMP=C:\Users\a-sisoj\AppData\Local\Temp, PROCESSOR_IDENTIFIER=Intel64 Family 6 Model 78 Stepping 3, GenuineIntel, USERPROFILE=C:\Users\a-sisoj, TMP=C:\Users\a-sisoj\AppData\Local\Temp, CommonProgramFiles(x86)=C:\Program Files (x86)\Common Files, ProgramFiles=C:\Program Files, PUBLIC=C:\Users\Public, WHSE_DB_NAME=CI_CQE_WHSE, CDP_SERVER=tst-cdpdb.uhc-test.edu, NUMBER_OF_PROCESSORS=4, windir=C:\Windows, DOCKER_TOOLBOX_INSTALL_PATH=C:\SOURCE\APPS\Docker Toolbox, DB_PASSWORD=Freightyard29infoset^}}]
23:14:50.874 [Test worker] DEBUG org.springframework.test.context.support.TestPropertySourceUtils - Adding inlined properties to environment: {spring.jmx.enabled=false, org.springframework.boot.test.context.SpringBootTestContextBootstrapper=true, server.port=-1}
23:14:50.874 [Test worker] DEBUG org.springframework.core.env.StandardEnvironment - Adding PropertySource 'Inlined Test Properties' with highest search precedence

  .   ____          _            __ _ _
 /\\ / ___'_ __ _ _(_)_ __  __ _ \ \ \ \
( ( )\___ | '_ | '_| | '_ \/ _` | \ \ \ \
 \\/  ___)| |_)| | | | | || (_| |  ) ) ) )
  '  |____| .__|_| |_|_| |_\__, | / / / /
 =========|_|==============|___/=/_/_/_/
 :: Spring Boot ::        (v2.0.2.RELEASE)

2018-05-15 23:14:52.101  INFO 12340 --- [    Test worker] c.siso.notepad.NotepadApplicationTests   : Starting NotepadApplicationTests on ITSISO-460 with PID 12340 (started by A-SISOJ in C:\Users\sisoj\Desktop\newTestLearn\applications\app_api)
2018-05-15 23:14:52.103  INFO 12340 --- [    Test worker] c.siso.notepad.NotepadApplicationTests   : No active profile set, falling back to default profiles: default
2018-05-15 23:14:52.191  INFO 12340 --- [    Test worker] o.s.w.c.s.GenericWebApplicationContext   : Refreshing org.springframework.web.context.support.GenericWebApplicationContext@5bc1de6a: startup date [Tue May 15 23:14:52 CDT 2018]; root of context hierarchy
2018-05-15 23:14:55.127  INFO 12340 --- [    Test worker] trationDelegate$BeanPostProcessorChecker : Bean 'org.springframework.transaction.annotation.ProxyTransactionManagementConfiguration' of type [org.springframework.transaction.annotation.ProxyTransactionManagementConfiguration$$EnhancerBySpringCGLIB$$69c76eca] is not eligible for getting processed by all BeanPostProcessors (for example: not eligible for auto-proxying)
2018-05-15 23:14:55.422  INFO 12340 --- [    Test worker] o.f.core.internal.util.VersionPrinter    : Flyway Community Edition 5.0.7 by Boxfuse
2018-05-15 23:14:55.430  INFO 12340 --- [    Test worker] com.zaxxer.hikari.HikariDataSource       : HikariPool-1 - Starting...
2018-05-15 23:14:55.737  INFO 12340 --- [    Test worker] com.zaxxer.hikari.HikariDataSource       : HikariPool-1 - Start completed.
2018-05-15 23:14:55.744  INFO 12340 --- [    Test worker] o.f.c.internal.database.DatabaseFactory  : Database: jdbc:h2:mem:db (H2 1.4)
2018-05-15 23:14:55.869  INFO 12340 --- [    Test worker] o.f.core.internal.command.DbValidate     : Successfully validated 2 migrations (execution time 00:00.050s)
2018-05-15 23:14:55.905  INFO 12340 --- [    Test worker] o.f.c.i.s.JdbcTableSchemaHistory         : Creating Schema History table: "PUBLIC"."flyway_schema_history"
2018-05-15 23:14:55.968  INFO 12340 --- [    Test worker] o.f.core.internal.command.DbMigrate      : Current version of schema "PUBLIC": << Empty Schema >>
2018-05-15 23:14:55.973  INFO 12340 --- [    Test worker] o.f.core.internal.command.DbMigrate      : Migrating schema "PUBLIC" to version 1 - create tables
2018-05-15 23:14:56.018  INFO 12340 --- [    Test worker] o.f.core.internal.command.DbMigrate      : Migrating schema "PUBLIC" to version 2 - seed notes
2018-05-15 23:14:56.038  INFO 12340 --- [    Test worker] o.f.core.internal.command.DbMigrate      : Successfully applied 2 migrations to schema "PUBLIC" (execution time 00:00.145s)
2018-05-15 23:14:56.296  INFO 12340 --- [    Test worker] j.LocalContainerEntityManagerFactoryBean : Building JPA container EntityManagerFactory for persistence unit 'default'
2018-05-15 23:14:56.327  INFO 12340 --- [    Test worker] o.hibernate.jpa.internal.util.LogHelper  : HHH000204: Processing PersistenceUnitInfo [
	name: default
	...]
2018-05-15 23:14:56.490  INFO 12340 --- [    Test worker] org.hibernate.Version                    : HHH000412: Hibernate Core {5.2.17.Final}
2018-05-15 23:14:56.493  INFO 12340 --- [    Test worker] org.hibernate.cfg.Environment            : HHH000206: hibernate.properties not found
2018-05-15 23:14:56.595  INFO 12340 --- [    Test worker] o.hibernate.annotations.common.Version   : HCANN000001: Hibernate Commons Annotations {5.0.1.Final}
2018-05-15 23:14:56.902  INFO 12340 --- [    Test worker] org.hibernate.dialect.Dialect            : HHH000400: Using dialect: org.hibernate.dialect.H2Dialect
2018-05-15 23:14:58.053  INFO 12340 --- [    Test worker] j.LocalContainerEntityManagerFactoryBean : Initialized JPA EntityManagerFactory for persistence unit 'default'
2018-05-15 23:14:58.573  INFO 12340 --- [    Test worker] o.h.h.i.QueryTranslatorFactoryInitiator  : HHH000397: Using ASTQueryTranslatorFactory
2018-05-15 23:14:59.401  INFO 12340 --- [    Test worker] o.s.w.s.handler.SimpleUrlHandlerMapping  : Mapped URL path [/**/favicon.ico] onto handler of type [class org.springframework.web.servlet.resource.ResourceHttpRequestHandler]
2018-05-15 23:15:00.093  INFO 12340 --- [    Test worker] s.w.s.m.m.a.RequestMappingHandlerAdapter : Looking for @ControllerAdvice: org.springframework.web.context.support.GenericWebApplicationContext@5bc1de6a: startup date [Tue May 15 23:14:52 CDT 2018]; root of context hierarchy
2018-05-15 23:15:00.326  WARN 12340 --- [    Test worker] aWebConfiguration$JpaWebMvcConfiguration : spring.jpa.open-in-view is enabled by default. Therefore, database queries may be performed during view rendering. Explicitly configure spring.jpa.open-in-view to disable this warning
2018-05-15 23:15:00.425  INFO 12340 --- [    Test worker] s.w.s.m.m.a.RequestMappingHandlerMapping : Mapped "{[ || / || /index]}" onto public java.lang.String com.siso.notepad.controllers.NoteController.getAllNotes(org.springframework.ui.Model)
2018-05-15 23:15:00.429  INFO 12340 --- [    Test worker] s.w.s.m.m.a.RequestMappingHandlerMapping : Mapped "{[/note_entry/{noteId}],methods=[GET]}" onto public java.lang.String com.siso.notepad.controllers.NoteRestController.getNoteEntry(java.lang.Integer)
2018-05-15 23:15:00.432  INFO 12340 --- [    Test worker] s.w.s.m.m.a.RequestMappingHandlerMapping : Mapped "{[/error]}" onto public org.springframework.http.ResponseEntity<java.util.Map<java.lang.String, java.lang.Object>> org.springframework.boot.autoconfigure.web.servlet.error.BasicErrorController.error(javax.servlet.http.HttpServletRequest)
2018-05-15 23:15:00.433  INFO 12340 --- [    Test worker] s.w.s.m.m.a.RequestMappingHandlerMapping : Mapped "{[/error],produces=[text/html]}" onto public org.springframework.web.servlet.ModelAndView org.springframework.boot.autoconfigure.web.servlet.error.BasicErrorController.errorHtml(javax.servlet.http.HttpServletRequest,javax.servlet.http.HttpServletResponse)
2018-05-15 23:15:00.551  INFO 12340 --- [    Test worker] o.s.w.s.handler.SimpleUrlHandlerMapping  : Mapped URL path [/webjars/**] onto handler of type [class org.springframework.web.servlet.resource.ResourceHttpRequestHandler]
2018-05-15 23:15:00.551  INFO 12340 --- [    Test worker] o.s.w.s.handler.SimpleUrlHandlerMapping  : Mapped URL path [/**] onto handler of type [class org.springframework.web.servlet.resource.ResourceHttpRequestHandler]
2018-05-15 23:15:00.809  INFO 12340 --- [    Test worker] o.s.b.a.w.s.WelcomePageHandlerMapping    : Adding welcome page template: index
2018-05-15 23:15:01.332  INFO 12340 --- [    Test worker] c.siso.notepad.NotepadApplicationTests   : Started NotepadApplicationTests in 10.339 seconds (JVM running for 13.788)
]]></system-out>
  <system-err><![CDATA[]]></system-err>
</testsuite>
